{"/Users/darpanbora/Desktop/social-Cops/socialCops/test/test.js":{"path":"/Users/darpanbora/Desktop/social-Cops/socialCops/test/test.js","s":{"1":1,"2":1,"3":1,"4":0,"5":0,"6":0,"7":0,"8":0,"9":0,"10":0,"11":0,"12":0,"13":0,"14":0,"15":0,"16":0,"17":0,"18":0,"19":0,"20":0,"21":0,"22":0,"23":0},"b":{},"f":{"1":0,"2":0,"3":0,"4":0,"5":0,"6":0,"7":0,"8":0,"9":0,"10":0,"11":0,"12":0,"13":0,"14":0},"fnMap":{"1":{"name":"(anonymous_1)","line":4,"loc":{"start":{"line":4,"column":18},"end":{"line":4,"column":29}}},"2":{"name":"(anonymous_2)","line":5,"loc":{"start":{"line":5,"column":65},"end":{"line":5,"column":80}}},"3":{"name":"(anonymous_3)","line":13,"loc":{"start":{"line":13,"column":18},"end":{"line":13,"column":29}}},"4":{"name":"(anonymous_4)","line":14,"loc":{"start":{"line":14,"column":67},"end":{"line":14,"column":82}}},"5":{"name":"(anonymous_5)","line":22,"loc":{"start":{"line":22,"column":18},"end":{"line":22,"column":29}}},"6":{"name":"(anonymous_6)","line":23,"loc":{"start":{"line":23,"column":55},"end":{"line":23,"column":70}}},"7":{"name":"(anonymous_7)","line":32,"loc":{"start":{"line":32,"column":18},"end":{"line":32,"column":29}}},"8":{"name":"(anonymous_8)","line":33,"loc":{"start":{"line":33,"column":55},"end":{"line":33,"column":70}}},"9":{"name":"(anonymous_9)","line":42,"loc":{"start":{"line":42,"column":18},"end":{"line":42,"column":29}}},"10":{"name":"(anonymous_10)","line":43,"loc":{"start":{"line":43,"column":59},"end":{"line":43,"column":74}}},"11":{"name":"(anonymous_11)","line":51,"loc":{"start":{"line":51,"column":18},"end":{"line":51,"column":29}}},"12":{"name":"(anonymous_12)","line":52,"loc":{"start":{"line":52,"column":68},"end":{"line":52,"column":83}}},"13":{"name":"(anonymous_13)","line":61,"loc":{"start":{"line":61,"column":22},"end":{"line":61,"column":33}}},"14":{"name":"(anonymous_14)","line":62,"loc":{"start":{"line":62,"column":62},"end":{"line":62,"column":77}}}},"statementMap":{"1":{"start":{"line":1,"column":0},"end":{"line":1,"column":35}},"2":{"start":{"line":2,"column":0},"end":{"line":2,"column":28}},"3":{"start":{"line":4,"column":0},"end":{"line":11,"column":2}},"4":{"start":{"line":5,"column":4},"end":{"line":10,"column":6}},"5":{"start":{"line":6,"column":8},"end":{"line":9,"column":30}},"6":{"start":{"line":13,"column":0},"end":{"line":20,"column":2}},"7":{"start":{"line":14,"column":4},"end":{"line":19,"column":6}},"8":{"start":{"line":15,"column":8},"end":{"line":18,"column":38}},"9":{"start":{"line":22,"column":0},"end":{"line":30,"column":2}},"10":{"start":{"line":23,"column":4},"end":{"line":29,"column":6}},"11":{"start":{"line":24,"column":8},"end":{"line":28,"column":38}},"12":{"start":{"line":32,"column":0},"end":{"line":40,"column":2}},"13":{"start":{"line":33,"column":4},"end":{"line":39,"column":6}},"14":{"start":{"line":34,"column":8},"end":{"line":38,"column":38}},"15":{"start":{"line":42,"column":0},"end":{"line":49,"column":2}},"16":{"start":{"line":43,"column":4},"end":{"line":48,"column":6}},"17":{"start":{"line":44,"column":8},"end":{"line":47,"column":30}},"18":{"start":{"line":51,"column":0},"end":{"line":59,"column":2}},"19":{"start":{"line":52,"column":4},"end":{"line":58,"column":6}},"20":{"start":{"line":53,"column":8},"end":{"line":57,"column":30}},"21":{"start":{"line":61,"column":0},"end":{"line":68,"column":2}},"22":{"start":{"line":62,"column":4},"end":{"line":67,"column":6}},"23":{"start":{"line":63,"column":8},"end":{"line":66,"column":30}}},"branchMap":{}}}