TN:
SF:/Users/darpanbora/Desktop/social-Cops/socialCops/test/test.js
FN:4,(anonymous_1)
FN:5,(anonymous_2)
FN:13,(anonymous_3)
FN:14,(anonymous_4)
FN:22,(anonymous_5)
FN:23,(anonymous_6)
FN:32,(anonymous_7)
FN:33,(anonymous_8)
FN:42,(anonymous_9)
FN:43,(anonymous_10)
FN:51,(anonymous_11)
FN:52,(anonymous_12)
FN:61,(anonymous_13)
FN:62,(anonymous_14)
FNF:14
FNH:0
FNDA:0,(anonymous_1)
FNDA:0,(anonymous_2)
FNDA:0,(anonymous_3)
FNDA:0,(anonymous_4)
FNDA:0,(anonymous_5)
FNDA:0,(anonymous_6)
FNDA:0,(anonymous_7)
FNDA:0,(anonymous_8)
FNDA:0,(anonymous_9)
FNDA:0,(anonymous_10)
FNDA:0,(anonymous_11)
FNDA:0,(anonymous_12)
FNDA:0,(anonymous_13)
FNDA:0,(anonymous_14)
DA:1,1
DA:2,1
DA:4,1
DA:5,0
DA:6,0
DA:13,0
DA:14,0
DA:15,0
DA:22,0
DA:23,0
DA:24,0
DA:32,0
DA:33,0
DA:34,0
DA:42,0
DA:43,0
DA:44,0
DA:51,0
DA:52,0
DA:53,0
DA:61,0
DA:62,0
DA:63,0
LF:23
LH:3
BRF:0
BRH:0
end_of_record
