{"/Users/darpanbora/Desktop/social-Cops/socialCops/app.js":{"path":"/Users/darpanbora/Desktop/social-Cops/socialCops/app.js","s":{"1":1,"2":1,"3":1,"4":1,"5":1,"6":1,"7":1,"8":1,"9":1,"10":1,"11":1,"12":1,"13":1,"14":1,"15":1,"16":1,"17":1,"18":1,"19":1,"20":1,"21":1,"22":1,"23":1,"24":0,"25":0,"26":0,"27":1,"28":0,"29":0,"30":0,"31":0,"32":1},"b":{"1":[0,0],"2":[0,0]},"f":{"1":0,"2":0},"fnMap":{"1":{"name":"(anonymous_1)","line":33,"loc":{"start":{"line":33,"column":8},"end":{"line":33,"column":33}}},"2":{"name":"(anonymous_2)","line":40,"loc":{"start":{"line":40,"column":8},"end":{"line":40,"column":38}}}},"statementMap":{"1":{"start":{"line":1,"column":0},"end":{"line":null,"column":null}},"2":{"start":{"line":2,"column":0},"end":{"line":null,"column":null}},"3":{"start":{"line":3,"column":0},"end":{"line":null,"column":null}},"4":{"start":{"line":4,"column":0},"end":{"line":null,"column":null}},"5":{"start":{"line":5,"column":0},"end":{"line":null,"column":null}},"6":{"start":{"line":6,"column":0},"end":{"line":null,"column":null}},"7":{"start":{"line":8,"column":0},"end":{"line":null,"column":null}},"8":{"start":{"line":9,"column":0},"end":{"line":null,"column":null}},"9":{"start":{"line":10,"column":0},"end":{"line":null,"column":null}},"10":{"start":{"line":11,"column":0},"end":{"line":null,"column":null}},"11":{"start":{"line":13,"column":0},"end":{"line":null,"column":null}},"12":{"start":{"line":16,"column":0},"end":{"line":null,"column":null}},"13":{"start":{"line":17,"column":0},"end":{"line":null,"column":null}},"14":{"start":{"line":21,"column":0},"end":{"line":null,"column":null}},"15":{"start":{"line":22,"column":0},"end":{"line":null,"column":null}},"16":{"start":{"line":23,"column":0},"end":{"line":null,"column":null}},"17":{"start":{"line":24,"column":0},"end":{"line":null,"column":null}},"18":{"start":{"line":25,"column":0},"end":{"line":null,"column":null}},"19":{"start":{"line":27,"column":0},"end":{"line":null,"column":null}},"20":{"start":{"line":28,"column":0},"end":{"line":null,"column":null}},"21":{"start":{"line":29,"column":0},"end":{"line":null,"column":null}},"22":{"start":{"line":30,"column":0},"end":{"line":null,"column":null}},"23":{"start":{"line":33,"column":0},"end":{"line":null,"column":null}},"24":{"start":{"line":34,"column":8},"end":{"line":null,"column":null}},"25":{"start":{"line":35,"column":8},"end":{"line":null,"column":null}},"26":{"start":{"line":36,"column":9},"end":{"line":null,"column":null}},"27":{"start":{"line":40,"column":0},"end":{"line":null,"column":null}},"28":{"start":{"line":42,"column":8},"end":{"line":null,"column":null}},"29":{"start":{"line":43,"column":8},"end":{"line":null,"column":null}},"30":{"start":{"line":46,"column":8},"end":{"line":null,"column":null}},"31":{"start":{"line":47,"column":8},"end":{"line":null,"column":null}},"32":{"start":{"line":50,"column":0},"end":{"line":null,"column":null}}},"branchMap":{"1":{"line":43,"type":"cond-expr","locations":[{"start":{"line":43,"column":62},"end":{"line":43,"column":23}},{"start":{"line":43,"column":68},"end":{"line":43,"column":4}}]},"2":{"line":46,"type":"binary-expr","locations":[{"start":{"line":46,"column":15},"end":{"line":46,"column":15}},{"start":{"line":46,"column":29},"end":{"line":46,"column":4}}]}}},"/Users/darpanbora/Desktop/social-Cops/socialCops/routes/index.js":{"path":"/Users/darpanbora/Desktop/social-Cops/socialCops/routes/index.js","s":{"1":1,"2":1,"3":1,"4":1,"5":1},"b":{},"f":{"1":1},"fnMap":{"1":{"name":"(anonymous_1)","line":5,"loc":{"start":{"line":5,"column":16},"end":{"line":5,"column":41}}}},"statementMap":{"1":{"start":{"line":1,"column":0},"end":{"line":null,"column":null}},"2":{"start":{"line":2,"column":0},"end":{"line":null,"column":null}},"3":{"start":{"line":5,"column":0},"end":{"line":null,"column":null}},"4":{"start":{"line":6,"column":8},"end":{"line":null,"column":null}},"5":{"start":{"line":9,"column":0},"end":{"line":null,"column":null}}},"branchMap":{}},"/Users/darpanbora/Desktop/social-Cops/socialCops/routes/login.js":{"path":"/Users/darpanbora/Desktop/social-Cops/socialCops/routes/login.js","s":{"1":1,"2":1,"3":1,"4":1,"5":4,"6":1,"7":1,"8":1,"9":1,"10":3,"11":1},"b":{"1":[1,3],"2":[4,2]},"f":{"1":4},"fnMap":{"1":{"name":"(anonymous_1)","line":6,"loc":{"start":{"line":6,"column":17},"end":{"line":6,"column":42}}}},"statementMap":{"1":{"start":{"line":1,"column":0},"end":{"line":null,"column":null}},"2":{"start":{"line":2,"column":0},"end":{"line":null,"column":null}},"3":{"start":{"line":3,"column":0},"end":{"line":null,"column":null}},"4":{"start":{"line":6,"column":0},"end":{"line":null,"column":null}},"5":{"start":{"line":9,"column":8},"end":{"line":null,"column":null}},"6":{"start":{"line":10,"column":14},"end":{"line":16,"column":8}},"7":{"start":{"line":16,"column":8},"end":{"line":null,"column":null}},"8":{"start":{"line":21,"column":12},"end":{"line":null,"column":null}},"9":{"start":{"line":24,"column":12},"end":{"line":null,"column":null}},"10":{"start":{"line":31,"column":12},"end":{"line":null,"column":null}},"11":{"start":{"line":35,"column":0},"end":{"line":null,"column":null}}},"branchMap":{"1":{"line":9,"type":"if","locations":[{"start":{"line":9,"column":8},"end":{"line":9,"column":8}},{"start":{"line":9,"column":8},"end":{"line":9,"column":8}}]},"2":{"line":9,"type":"binary-expr","locations":[{"start":{"line":9,"column":8},"end":{"line":9,"column":8}},{"start":{"line":9,"column":43},"end":{"line":9,"column":4}}]}}},"/Users/darpanbora/Desktop/social-Cops/socialCops/routes/patch.js":{"path":"/Users/darpanbora/Desktop/social-Cops/socialCops/routes/patch.js","s":{"1":1,"2":1,"3":1,"4":1,"5":1,"6":2,"7":2,"8":2,"9":0,"10":0,"11":0,"12":0,"13":0,"14":0,"15":1},"b":{"1":[2,0],"2":[0,0],"3":[0,0]},"f":{},"fnMap":{},"statementMap":{"1":{"start":{"line":1,"column":0},"end":{"line":null,"column":null}},"2":{"start":{"line":2,"column":0},"end":{"line":null,"column":null}},"3":{"start":{"line":3,"column":0},"end":{"line":null,"column":null}},"4":{"start":{"line":5,"column":0},"end":{"line":null,"column":null}},"5":{"start":{"line":13,"column":0},"end":{"line":null,"column":null}},"6":{"start":{"line":16,"column":8},"end":{"line":null,"column":null}},"7":{"start":{"line":17,"column":12},"end":{"line":null,"column":null}},"8":{"start":{"line":20,"column":16},"end":{"line":null,"column":null}},"9":{"start":{"line":25,"column":16},"end":{"line":null,"column":null}},"10":{"start":{"line":27,"column":20},"end":{"line":null,"column":null}},"11":{"start":{"line":28,"column":20},"end":{"line":null,"column":null}},"12":{"start":{"line":36,"column":20},"end":{"line":null,"column":null}},"13":{"start":{"line":39,"column":20},"end":{"line":null,"column":null}},"14":{"start":{"line":44,"column":20},"end":{"line":null,"column":null}},"15":{"start":{"line":51,"column":0},"end":{"line":null,"column":null}}},"branchMap":{"1":{"line":17,"type":"if","locations":[{"start":{"line":17,"column":12},"end":{"line":17,"column":12}},{"start":{"line":17,"column":12},"end":{"line":17,"column":12}}]},"2":{"line":25,"type":"if","locations":[{"start":{"line":25,"column":16},"end":{"line":25,"column":16}},{"start":{"line":25,"column":16},"end":{"line":25,"column":16}}]},"3":{"line":25,"type":"binary-expr","locations":[{"start":{"line":25,"column":16},"end":{"line":25,"column":16}},{"start":{"line":25,"column":46},"end":{"line":25,"column":12}}]}}},"/Users/darpanbora/Desktop/social-Cops/socialCops/routes/thumbnail.js":{"path":"/Users/darpanbora/Desktop/social-Cops/socialCops/routes/thumbnail.js","s":{"1":1,"2":1,"3":1,"4":1,"5":1,"6":1,"7":1,"8":1,"9":2,"10":2,"11":2,"12":0,"13":0,"14":0,"15":0,"16":0,"17":0,"18":0,"19":0,"20":0,"21":0,"22":0,"23":1},"b":{"1":[2,0],"2":[0,0],"3":[0,0]},"f":{"1":0,"2":0},"fnMap":{"1":{"name":"(anonymous_1)","line":34,"loc":{"start":{"line":34,"column":34},"end":{"line":34,"column":59}}},"2":{"name":"(anonymous_2)","line":41,"loc":{"start":{"line":41,"column":47},"end":{"line":41,"column":68}}}},"statementMap":{"1":{"start":{"line":1,"column":0},"end":{"line":null,"column":null}},"2":{"start":{"line":2,"column":0},"end":{"line":null,"column":null}},"3":{"start":{"line":3,"column":0},"end":{"line":null,"column":null}},"4":{"start":{"line":4,"column":0},"end":{"line":null,"column":null}},"5":{"start":{"line":5,"column":0},"end":{"line":null,"column":null}},"6":{"start":{"line":6,"column":0},"end":{"line":null,"column":null}},"7":{"start":{"line":9,"column":0},"end":{"line":null,"column":null}},"8":{"start":{"line":16,"column":0},"end":{"line":null,"column":null}},"9":{"start":{"line":19,"column":8},"end":{"line":null,"column":null}},"10":{"start":{"line":20,"column":12},"end":{"line":null,"column":null}},"11":{"start":{"line":23,"column":16},"end":{"line":null,"column":null}},"12":{"start":{"line":28,"column":16},"end":{"line":null,"column":null}},"13":{"start":{"line":30,"column":20},"end":{"line":null,"column":null}},"14":{"start":{"line":31,"column":22},"end":{"line":null,"column":null}},"15":{"start":{"line":34,"column":24},"end":{"line":null,"column":null}},"16":{"start":{"line":35,"column":28},"end":{"line":null,"column":null}},"17":{"start":{"line":41,"column":29},"end":{"line":null,"column":null}},"18":{"start":{"line":44,"column":32},"end":{"line":null,"column":null}},"19":{"start":{"line":45,"column":36},"end":{"line":null,"column":null}},"20":{"start":{"line":49,"column":34},"end":{"line":41,"column":68}},"21":{"start":{"line":54,"column":37},"end":{"line":null,"column":null}},"22":{"start":{"line":61,"column":20},"end":{"line":null,"column":null}},"23":{"start":{"line":67,"column":0},"end":{"line":null,"column":null}}},"branchMap":{"1":{"line":20,"type":"if","locations":[{"start":{"line":20,"column":12},"end":{"line":20,"column":12}},{"start":{"line":20,"column":12},"end":{"line":20,"column":12}}]},"2":{"line":28,"type":"if","locations":[{"start":{"line":28,"column":16},"end":{"line":28,"column":16}},{"start":{"line":28,"column":16},"end":{"line":28,"column":16}}]},"3":{"line":44,"type":"if","locations":[{"start":{"line":44,"column":32},"end":{"line":44,"column":32}},{"start":{"line":44,"column":32},"end":{"line":44,"column":32}}]}}}}