TN:
SF:/Users/darpanbora/Desktop/social-Cops/socialCops/app.js
FN:33,(anonymous_1)
FN:40,(anonymous_2)
FNF:2
FNH:0
FNDA:0,(anonymous_1)
FNDA:0,(anonymous_2)
DA:1,1
DA:2,1
DA:3,1
DA:4,1
DA:5,1
DA:6,1
DA:8,1
DA:9,1
DA:10,1
DA:11,1
DA:13,1
DA:16,1
DA:17,1
DA:21,1
DA:22,1
DA:23,1
DA:24,1
DA:25,1
DA:27,1
DA:28,1
DA:29,1
DA:30,1
DA:33,1
DA:34,0
DA:35,0
DA:36,0
DA:40,1
DA:42,0
DA:43,0
DA:46,0
DA:47,0
DA:50,1
LF:32
LH:25
BRDA:43,1,0,0
BRDA:43,1,1,0
BRDA:46,2,0,0
BRDA:46,2,1,0
BRF:4
BRH:0
end_of_record
TN:
SF:/Users/darpanbora/Desktop/social-Cops/socialCops/routes/index.js
FN:5,(anonymous_1)
FNF:1
FNH:0
FNDA:0,(anonymous_1)
DA:1,1
DA:2,1
DA:5,1
DA:6,0
DA:9,1
LF:5
LH:4
BRF:0
BRH:0
end_of_record
TN:
SF:/Users/darpanbora/Desktop/social-Cops/socialCops/routes/login.js
FN:7,(anonymous_1)
FNF:1
FNH:1
FNDA:4,(anonymous_1)
DA:1,1
DA:2,1
DA:3,1
DA:7,1
DA:9,4
DA:10,1
DA:15,1
DA:19,1
DA:20,1
DA:26,3
DA:30,1
LF:11
LH:11
BRDA:9,1,0,1
BRDA:9,1,1,3
BRDA:9,2,0,4
BRDA:9,2,1,2
BRF:4
BRH:4
end_of_record
TN:
SF:/Users/darpanbora/Desktop/social-Cops/socialCops/routes/patch.js
FNF:0
FNH:0
DA:1,1
DA:2,1
DA:3,1
DA:5,1
DA:9,1
DA:11,1
DA:12,1
DA:13,1
DA:16,0
DA:18,0
DA:19,0
DA:20,0
DA:21,0
DA:24,0
DA:31,1
LF:15
LH:9
BRDA:12,1,0,1
BRDA:12,1,1,0
BRDA:16,2,0,0
BRDA:16,2,1,0
BRDA:16,3,0,0
BRDA:16,3,1,0
BRF:6
BRH:1
end_of_record
TN:
SF:/Users/darpanbora/Desktop/social-Cops/socialCops/routes/thumbnail.js
FN:24,(anonymous_1)
FN:26,(anonymous_2)
FNF:2
FNH:0
FNDA:0,(anonymous_1)
FNDA:0,(anonymous_2)
DA:1,1
DA:2,1
DA:3,1
DA:4,1
DA:5,1
DA:6,1
DA:9,1
DA:13,1
DA:15,1
DA:16,1
DA:17,1
DA:19,0
DA:21,0
DA:22,0
DA:24,0
DA:25,0
DA:26,0
DA:27,0
DA:28,0
DA:29,0
DA:32,0
DA:33,0
DA:39,0
DA:45,1
LF:24
LH:12
BRDA:16,1,0,1
BRDA:16,1,1,0
BRDA:19,2,0,0
BRDA:19,2,1,0
BRDA:28,3,0,0
BRDA:28,3,1,0
BRF:6
BRH:1
end_of_record
