TN:
SF:/Users/darpanbora/Desktop/social-Cops/socialCops/app.js
FN:33,(anonymous_1)
FN:40,(anonymous_2)
FNF:2
FNH:0
FNDA:0,(anonymous_1)
FNDA:0,(anonymous_2)
DA:1,1
DA:2,1
DA:3,1
DA:4,1
DA:5,1
DA:6,1
DA:8,1
DA:9,1
DA:10,1
DA:11,1
DA:13,1
DA:16,1
DA:17,1
DA:21,1
DA:22,1
DA:23,1
DA:24,1
DA:25,1
DA:27,1
DA:28,1
DA:29,1
DA:30,1
DA:33,1
DA:34,0
DA:35,0
DA:36,0
DA:40,1
DA:42,0
DA:43,0
DA:46,0
DA:47,0
DA:50,1
LF:32
LH:25
BRDA:43,1,0,0
BRDA:43,1,1,0
BRDA:46,2,0,0
BRDA:46,2,1,0
BRF:4
BRH:0
end_of_record
TN:
SF:/Users/darpanbora/Desktop/social-Cops/socialCops/routes/index.js
FN:5,(anonymous_1)
FNF:1
FNH:1
FNDA:1,(anonymous_1)
DA:1,1
DA:2,1
DA:5,1
DA:6,1
DA:9,1
LF:5
LH:5
BRF:0
BRH:0
end_of_record
TN:
SF:/Users/darpanbora/Desktop/social-Cops/socialCops/routes/login.js
FN:6,(anonymous_1)
FNF:1
FNH:1
FNDA:4,(anonymous_1)
DA:1,1
DA:2,1
DA:3,1
DA:6,1
DA:9,4
DA:10,1
DA:16,1
DA:21,1
DA:24,1
DA:31,3
DA:35,1
LF:11
LH:11
BRDA:9,1,0,1
BRDA:9,1,1,3
BRDA:9,2,0,4
BRDA:9,2,1,2
BRF:4
BRH:4
end_of_record
TN:
SF:/Users/darpanbora/Desktop/social-Cops/socialCops/routes/patch.js
FNF:0
FNH:0
DA:1,1
DA:2,1
DA:3,1
DA:5,1
DA:13,1
DA:16,2
DA:17,2
DA:20,2
DA:25,0
DA:27,0
DA:28,0
DA:36,0
DA:39,0
DA:44,0
DA:51,1
LF:15
LH:9
BRDA:17,1,0,2
BRDA:17,1,1,0
BRDA:25,2,0,0
BRDA:25,2,1,0
BRDA:25,3,0,0
BRDA:25,3,1,0
BRF:6
BRH:1
end_of_record
TN:
SF:/Users/darpanbora/Desktop/social-Cops/socialCops/routes/thumbnail.js
FN:34,(anonymous_1)
FN:41,(anonymous_2)
FNF:2
FNH:0
FNDA:0,(anonymous_1)
FNDA:0,(anonymous_2)
DA:1,1
DA:2,1
DA:3,1
DA:4,1
DA:5,1
DA:6,1
DA:9,1
DA:16,1
DA:19,2
DA:20,2
DA:23,2
DA:28,0
DA:30,0
DA:31,0
DA:34,0
DA:35,0
DA:41,0
DA:44,0
DA:45,0
DA:49,0
DA:54,0
DA:61,0
DA:67,1
LF:23
LH:12
BRDA:20,1,0,2
BRDA:20,1,1,0
BRDA:28,2,0,0
BRDA:28,2,1,0
BRDA:44,3,0,0
BRDA:44,3,1,0
BRF:6
BRH:1
end_of_record
